<?xml version="1.0" encoding="UTF-8"?>
<testsuite xmlns:xsi="http://www.w3.org/2001/XMLSchema-instance" xsi:noNamespaceSchemaLocation="https://maven.apache.org/surefire/maven-surefire-plugin/xsd/surefire-test-report.xsd" name="br.com.restassuredapitesting.runners.AllTests" time="67.321" tests="27" errors="0" skipped="0" failures="12">
  <properties>
    <property name="sun.desktop" value="windows"/>
    <property name="awt.toolkit" value="sun.awt.windows.WToolkit"/>
    <property name="file.encoding.pkg" value="sun.io"/>
    <property name="java.specification.version" value="1.8"/>
    <property name="sun.cpu.isalist" value="amd64"/>
    <property name="sun.jnu.encoding" value="Cp1252"/>
    <property name="java.class.path" value="E:\CWI\restassuredapitesting\target\test-classes;E:\CWI\restassuredapitesting\target\classes;C:\Users\RRM\.m2\repository\org\apache\logging\log4j\log4j-slf4j-impl\2.13.1\log4j-slf4j-impl-2.13.1.jar;C:\Users\RRM\.m2\repository\org\apache\logging\log4j\log4j-api\2.13.1\log4j-api-2.13.1.jar;C:\Users\RRM\.m2\repository\org\apache\logging\log4j\log4j-core\2.13.1\log4j-core-2.13.1.jar;C:\Users\RRM\.m2\repository\org\projectlombok\lombok\1.18.6\lombok-1.18.6.jar;C:\Users\RRM\.m2\repository\com\googlecode\json-simple\json-simple\1.1.1\json-simple-1.1.1.jar;C:\Users\RRM\.m2\repository\junit\junit\4.12\junit-4.12.jar;C:\Users\RRM\.m2\repository\org\hamcrest\hamcrest-core\1.3\hamcrest-core-1.3.jar;C:\Users\RRM\.m2\repository\io\rest-assured\rest-assured\3.1.0\rest-assured-3.1.0.jar;C:\Users\RRM\.m2\repository\org\codehaus\groovy\groovy\2.4.12\groovy-2.4.12.jar;C:\Users\RRM\.m2\repository\org\codehaus\groovy\groovy-xml\2.4.12\groovy-xml-2.4.12.jar;C:\Users\RRM\.m2\repository\org\apache\httpcomponents\httpclient\4.5.3\httpclient-4.5.3.jar;C:\Users\RRM\.m2\repository\org\apache\httpcomponents\httpcore\4.4.6\httpcore-4.4.6.jar;C:\Users\RRM\.m2\repository\commons-logging\commons-logging\1.2\commons-logging-1.2.jar;C:\Users\RRM\.m2\repository\commons-codec\commons-codec\1.9\commons-codec-1.9.jar;C:\Users\RRM\.m2\repository\org\apache\httpcomponents\httpmime\4.5.1\httpmime-4.5.1.jar;C:\Users\RRM\.m2\repository\org\hamcrest\hamcrest-library\1.3\hamcrest-library-1.3.jar;C:\Users\RRM\.m2\repository\org\ccil\cowan\tagsoup\tagsoup\1.2.1\tagsoup-1.2.1.jar;C:\Users\RRM\.m2\repository\io\rest-assured\xml-path\3.1.0\xml-path-3.1.0.jar;C:\Users\RRM\.m2\repository\javax\xml\bind\jaxb-api\2.2.12\jaxb-api-2.2.12.jar;C:\Users\RRM\.m2\repository\io\rest-assured\json-schema-validator\3.1.0\json-schema-validator-3.1.0.jar;C:\Users\RRM\.m2\repository\com\github\fge\json-schema-validator\2.2.6\json-schema-validator-2.2.6.jar;C:\Users\RRM\.m2\repository\com\google\code\findbugs\jsr305\3.0.0\jsr305-3.0.0.jar;C:\Users\RRM\.m2\repository\joda-time\joda-time\2.3\joda-time-2.3.jar;C:\Users\RRM\.m2\repository\com\googlecode\libphonenumber\libphonenumber\6.2\libphonenumber-6.2.jar;C:\Users\RRM\.m2\repository\com\github\fge\json-schema-core\1.2.5\json-schema-core-1.2.5.jar;C:\Users\RRM\.m2\repository\com\github\fge\uri-template\0.9\uri-template-0.9.jar;C:\Users\RRM\.m2\repository\com\github\fge\msg-simple\1.1\msg-simple-1.1.jar;C:\Users\RRM\.m2\repository\com\github\fge\btf\1.2\btf-1.2.jar;C:\Users\RRM\.m2\repository\com\google\guava\guava\16.0.1\guava-16.0.1.jar;C:\Users\RRM\.m2\repository\com\github\fge\jackson-coreutils\1.8\jackson-coreutils-1.8.jar;C:\Users\RRM\.m2\repository\org\mozilla\rhino\1.7R4\rhino-1.7R4.jar;C:\Users\RRM\.m2\repository\javax\mail\mailapi\1.4.3\mailapi-1.4.3.jar;C:\Users\RRM\.m2\repository\javax\activation\activation\1.1\activation-1.1.jar;C:\Users\RRM\.m2\repository\net\sf\jopt-simple\jopt-simple\4.6\jopt-simple-4.6.jar;C:\Users\RRM\.m2\repository\com\github\javafaker\javafaker\1.0.1\javafaker-1.0.1.jar;C:\Users\RRM\.m2\repository\org\apache\commons\commons-lang3\3.5\commons-lang3-3.5.jar;C:\Users\RRM\.m2\repository\org\yaml\snakeyaml\1.23\snakeyaml-1.23-android.jar;C:\Users\RRM\.m2\repository\com\github\mifmif\generex\1.0.2\generex-1.0.2.jar;C:\Users\RRM\.m2\repository\dk\brics\automaton\automaton\1.11-8\automaton-1.11-8.jar;C:\Users\RRM\.m2\repository\io\rest-assured\json-path\3.1.0\json-path-3.1.0.jar;C:\Users\RRM\.m2\repository\org\codehaus\groovy\groovy-json\2.4.12\groovy-json-2.4.12.jar;C:\Users\RRM\.m2\repository\io\rest-assured\rest-assured-common\3.1.0\rest-assured-common-3.1.0.jar;C:\Users\RRM\.m2\repository\io\qameta\allure\allure-junit4\2.9.0\allure-junit4-2.9.0.jar;C:\Users\RRM\.m2\repository\io\qameta\allure\allure-java-commons\2.9.0\allure-java-commons-2.9.0.jar;C:\Users\RRM\.m2\repository\io\qameta\allure\allure-model\2.9.0\allure-model-2.9.0.jar;C:\Users\RRM\.m2\repository\com\fasterxml\jackson\core\jackson-databind\2.9.7\jackson-databind-2.9.7.jar;C:\Users\RRM\.m2\repository\com\fasterxml\jackson\core\jackson-annotations\2.9.0\jackson-annotations-2.9.0.jar;C:\Users\RRM\.m2\repository\com\fasterxml\jackson\core\jackson-core\2.9.7\jackson-core-2.9.7.jar;C:\Users\RRM\.m2\repository\org\apache\tika\tika-core\1.19.1\tika-core-1.19.1.jar;C:\Users\RRM\.m2\repository\org\aspectj\aspectjrt\1.9.1\aspectjrt-1.9.1.jar;C:\Users\RRM\.m2\repository\org\jooq\joor-java-8\0.9.9\joor-java-8-0.9.9.jar;C:\Users\RRM\.m2\repository\org\slf4j\slf4j-api\1.7.26\slf4j-api-1.7.26.jar;C:\Users\RRM\.m2\repository\org\json\json\20190722\json-20190722.jar;C:\Users\RRM\.m2\repository\commons-collections\commons-collections\3.2.2\commons-collections-3.2.2.jar;"/>
    <property name="java.vm.vendor" value="Amazon.com Inc."/>
    <property name="sun.arch.data.model" value="64"/>
    <property name="user.variant" value=""/>
    <property name="java.vendor.url" value="https://aws.amazon.com/corretto/"/>
    <property name="user.timezone" value=""/>
    <property name="user.country.format" value="BR"/>
    <property name="java.vm.specification.version" value="1.8"/>
    <property name="os.name" value="Windows 10"/>
    <property name="user.country" value="US"/>
    <property name="sun.java.launcher" value="SUN_STANDARD"/>
    <property name="sun.boot.library.path" value="C:\Program Files\Amazon Corretto\jdk1.8.0_302\jre\bin"/>
    <property name="sun.java.command" value="C:\Users\RRM\AppData\Local\Temp\surefire5503916079725949116\surefirebooter6820867800558642309.jar C:\Users\RRM\AppData\Local\Temp\surefire5503916079725949116 2021-10-27T01-40-12_323-jvmRun1 surefire5719217135209293704tmp surefire_04091545999571393556tmp"/>
    <property name="test" value="AllTests"/>
    <property name="surefire.test.class.path" value="E:\CWI\restassuredapitesting\target\test-classes;E:\CWI\restassuredapitesting\target\classes;C:\Users\RRM\.m2\repository\org\apache\logging\log4j\log4j-slf4j-impl\2.13.1\log4j-slf4j-impl-2.13.1.jar;C:\Users\RRM\.m2\repository\org\apache\logging\log4j\log4j-api\2.13.1\log4j-api-2.13.1.jar;C:\Users\RRM\.m2\repository\org\apache\logging\log4j\log4j-core\2.13.1\log4j-core-2.13.1.jar;C:\Users\RRM\.m2\repository\org\projectlombok\lombok\1.18.6\lombok-1.18.6.jar;C:\Users\RRM\.m2\repository\com\googlecode\json-simple\json-simple\1.1.1\json-simple-1.1.1.jar;C:\Users\RRM\.m2\repository\junit\junit\4.12\junit-4.12.jar;C:\Users\RRM\.m2\repository\org\hamcrest\hamcrest-core\1.3\hamcrest-core-1.3.jar;C:\Users\RRM\.m2\repository\io\rest-assured\rest-assured\3.1.0\rest-assured-3.1.0.jar;C:\Users\RRM\.m2\repository\org\codehaus\groovy\groovy\2.4.12\groovy-2.4.12.jar;C:\Users\RRM\.m2\repository\org\codehaus\groovy\groovy-xml\2.4.12\groovy-xml-2.4.12.jar;C:\Users\RRM\.m2\repository\org\apache\httpcomponents\httpclient\4.5.3\httpclient-4.5.3.jar;C:\Users\RRM\.m2\repository\org\apache\httpcomponents\httpcore\4.4.6\httpcore-4.4.6.jar;C:\Users\RRM\.m2\repository\commons-logging\commons-logging\1.2\commons-logging-1.2.jar;C:\Users\RRM\.m2\repository\commons-codec\commons-codec\1.9\commons-codec-1.9.jar;C:\Users\RRM\.m2\repository\org\apache\httpcomponents\httpmime\4.5.1\httpmime-4.5.1.jar;C:\Users\RRM\.m2\repository\org\hamcrest\hamcrest-library\1.3\hamcrest-library-1.3.jar;C:\Users\RRM\.m2\repository\org\ccil\cowan\tagsoup\tagsoup\1.2.1\tagsoup-1.2.1.jar;C:\Users\RRM\.m2\repository\io\rest-assured\xml-path\3.1.0\xml-path-3.1.0.jar;C:\Users\RRM\.m2\repository\javax\xml\bind\jaxb-api\2.2.12\jaxb-api-2.2.12.jar;C:\Users\RRM\.m2\repository\io\rest-assured\json-schema-validator\3.1.0\json-schema-validator-3.1.0.jar;C:\Users\RRM\.m2\repository\com\github\fge\json-schema-validator\2.2.6\json-schema-validator-2.2.6.jar;C:\Users\RRM\.m2\repository\com\google\code\findbugs\jsr305\3.0.0\jsr305-3.0.0.jar;C:\Users\RRM\.m2\repository\joda-time\joda-time\2.3\joda-time-2.3.jar;C:\Users\RRM\.m2\repository\com\googlecode\libphonenumber\libphonenumber\6.2\libphonenumber-6.2.jar;C:\Users\RRM\.m2\repository\com\github\fge\json-schema-core\1.2.5\json-schema-core-1.2.5.jar;C:\Users\RRM\.m2\repository\com\github\fge\uri-template\0.9\uri-template-0.9.jar;C:\Users\RRM\.m2\repository\com\github\fge\msg-simple\1.1\msg-simple-1.1.jar;C:\Users\RRM\.m2\repository\com\github\fge\btf\1.2\btf-1.2.jar;C:\Users\RRM\.m2\repository\com\google\guava\guava\16.0.1\guava-16.0.1.jar;C:\Users\RRM\.m2\repository\com\github\fge\jackson-coreutils\1.8\jackson-coreutils-1.8.jar;C:\Users\RRM\.m2\repository\org\mozilla\rhino\1.7R4\rhino-1.7R4.jar;C:\Users\RRM\.m2\repository\javax\mail\mailapi\1.4.3\mailapi-1.4.3.jar;C:\Users\RRM\.m2\repository\javax\activation\activation\1.1\activation-1.1.jar;C:\Users\RRM\.m2\repository\net\sf\jopt-simple\jopt-simple\4.6\jopt-simple-4.6.jar;C:\Users\RRM\.m2\repository\com\github\javafaker\javafaker\1.0.1\javafaker-1.0.1.jar;C:\Users\RRM\.m2\repository\org\apache\commons\commons-lang3\3.5\commons-lang3-3.5.jar;C:\Users\RRM\.m2\repository\org\yaml\snakeyaml\1.23\snakeyaml-1.23-android.jar;C:\Users\RRM\.m2\repository\com\github\mifmif\generex\1.0.2\generex-1.0.2.jar;C:\Users\RRM\.m2\repository\dk\brics\automaton\automaton\1.11-8\automaton-1.11-8.jar;C:\Users\RRM\.m2\repository\io\rest-assured\json-path\3.1.0\json-path-3.1.0.jar;C:\Users\RRM\.m2\repository\org\codehaus\groovy\groovy-json\2.4.12\groovy-json-2.4.12.jar;C:\Users\RRM\.m2\repository\io\rest-assured\rest-assured-common\3.1.0\rest-assured-common-3.1.0.jar;C:\Users\RRM\.m2\repository\io\qameta\allure\allure-junit4\2.9.0\allure-junit4-2.9.0.jar;C:\Users\RRM\.m2\repository\io\qameta\allure\allure-java-commons\2.9.0\allure-java-commons-2.9.0.jar;C:\Users\RRM\.m2\repository\io\qameta\allure\allure-model\2.9.0\allure-model-2.9.0.jar;C:\Users\RRM\.m2\repository\com\fasterxml\jackson\core\jackson-databind\2.9.7\jackson-databind-2.9.7.jar;C:\Users\RRM\.m2\repository\com\fasterxml\jackson\core\jackson-annotations\2.9.0\jackson-annotations-2.9.0.jar;C:\Users\RRM\.m2\repository\com\fasterxml\jackson\core\jackson-core\2.9.7\jackson-core-2.9.7.jar;C:\Users\RRM\.m2\repository\org\apache\tika\tika-core\1.19.1\tika-core-1.19.1.jar;C:\Users\RRM\.m2\repository\org\aspectj\aspectjrt\1.9.1\aspectjrt-1.9.1.jar;C:\Users\RRM\.m2\repository\org\jooq\joor-java-8\0.9.9\joor-java-8-0.9.9.jar;C:\Users\RRM\.m2\repository\org\slf4j\slf4j-api\1.7.26\slf4j-api-1.7.26.jar;C:\Users\RRM\.m2\repository\org\json\json\20190722\json-20190722.jar;C:\Users\RRM\.m2\repository\commons-collections\commons-collections\3.2.2\commons-collections-3.2.2.jar;"/>
    <property name="allure.results.directory" value="E:\CWI\restassuredapitesting\target/allure-results"/>
    <property name="sun.cpu.endian" value="little"/>
    <property name="user.home" value="C:\Users\RRM"/>
    <property name="user.language" value="en"/>
    <property name="java.specification.vendor" value="Oracle Corporation"/>
    <property name="java.home" value="C:\Program Files\Amazon Corretto\jdk1.8.0_302\jre"/>
    <property name="basedir" value="E:\CWI\restassuredapitesting"/>
    <property name="file.separator" value="\"/>
    <property name="line.separator" value="&#10;"/>
    <property name="java.vm.specification.vendor" value="Oracle Corporation"/>
    <property name="java.specification.name" value="Java Platform API Specification"/>
    <property name="java.awt.graphicsenv" value="sun.awt.Win32GraphicsEnvironment"/>
    <property name="surefire.real.class.path" value="C:\Users\RRM\AppData\Local\Temp\surefire5503916079725949116\surefirebooter6820867800558642309.jar;C:\Users\RRM\.m2\repository/org/aspectj/aspectjweaver/1.9.1/aspectjweaver-1.9.1.jar"/>
    <property name="sun.boot.class.path" value="C:\Program Files\Amazon Corretto\jdk1.8.0_302\jre\lib\resources.jar;C:\Program Files\Amazon Corretto\jdk1.8.0_302\jre\lib\rt.jar;C:\Program Files\Amazon Corretto\jdk1.8.0_302\jre\lib\sunrsasign.jar;C:\Program Files\Amazon Corretto\jdk1.8.0_302\jre\lib\jsse.jar;C:\Program Files\Amazon Corretto\jdk1.8.0_302\jre\lib\jce.jar;C:\Program Files\Amazon Corretto\jdk1.8.0_302\jre\lib\charsets.jar;C:\Program Files\Amazon Corretto\jdk1.8.0_302\jre\lib\jfr.jar;C:\Program Files\Amazon Corretto\jdk1.8.0_302\jre\classes"/>
    <property name="user.script" value=""/>
    <property name="sun.management.compiler" value="HotSpot 64-Bit Tiered Compilers"/>
    <property name="java.runtime.version" value="1.8.0_302-b08"/>
    <property name="user.name" value="RRM"/>
    <property name="path.separator" value=";"/>
    <property name="os.version" value="10.0"/>
    <property name="java.endorsed.dirs" value="C:\Program Files\Amazon Corretto\jdk1.8.0_302\jre\lib\endorsed"/>
    <property name="java.runtime.name" value="OpenJDK Runtime Environment"/>
    <property name="file.encoding" value="Cp1252"/>
    <property name="java.vm.name" value="OpenJDK 64-Bit Server VM"/>
    <property name="localRepository" value="C:\Users\RRM\.m2\repository"/>
    <property name="java.vendor.url.bug" value="https://github.com/corretto/corretto-8/issues/"/>
    <property name="java.io.tmpdir" value="C:\Users\RRM\AppData\Local\Temp\"/>
    <property name="idea.version" value="2021.2.2"/>
    <property name="java.version" value="1.8.0_302"/>
    <property name="user.dir" value="E:\CWI\restassuredapitesting"/>
    <property name="os.arch" value="amd64"/>
    <property name="java.vm.specification.name" value="Java Virtual Machine Specification"/>
    <property name="java.awt.printerjob" value="sun.awt.windows.WPrinterJob"/>
    <property name="user.language.format" value="pt"/>
    <property name="sun.os.patch.level" value=""/>
    <property name="java.library.path" value="C:\Program Files\Amazon Corretto\jdk1.8.0_302\jre\bin;C:\Windows\Sun\Java\bin;C:\Windows\system32;C:\Windows;C:\Python310\Scripts\;C:\Python310\;C:\Program Files\Amazon Corretto\jdk1.8.0_302\bin;C:\Program Files\Amazon Corretto\jdk11.0.12_7\bin;C:\Program Files\Common Files\Oracle\Java\javapath;C:\Windows\system32;C:\Windows;C:\Windows\System32\Wbem;C:\Windows\System32\WindowsPowerShell\v1.0\;C:\Windows\System32\OpenSSH\;C:\Gradle\gradle-7.2\bin;C:\Program Files (x86)\NVIDIA Corporation\PhysX\Common;C:\Maven\apache-maven-3.8.2\bin;C:\Program Files\dotnet\;C:\Program Files (x86)\Calibre2\;C:\Program Files\nodejs\;C:\ProgramData\chocolatey\bin;C:\Program Files\Git\cmd;C:\Users\RRM\scoop\shims;C:\Users\RRM\AppData\Local\Microsoft\WindowsApps;;C:\Users\RRM\AppData\Local\Programs\Microsoft VS Code\bin;C:\Users\RRM\AppData\Roaming\npm;."/>
    <property name="java.vm.info" value="mixed mode"/>
    <property name="java.vendor" value="Amazon.com Inc."/>
    <property name="java.vm.version" value="25.302-b08"/>
    <property name="java.ext.dirs" value="C:\Program Files\Amazon Corretto\jdk1.8.0_302\jre\lib\ext;C:\Windows\Sun\Java\lib\ext"/>
    <property name="sun.io.unicode.encoding" value="UnicodeLittle"/>
    <property name="java.class.version" value="52.0"/>
  </properties>
  <testcase name="verifyLoginSuccess" classname="br.com.restassuredapitesting.tests.auth.tests.PostAuthTest" time="3.198"/>
  <testcase name="checkUnauthorizedBookingDeletion" classname="br.com.restassuredapitesting.tests.booking.tests.DeleteBookingTest" time="2.811"/>
  <testcase name="checkBookingDeletion" classname="br.com.restassuredapitesting.tests.booking.tests.DeleteBookingTest" time="3.548">
    <failure message="1 expectation failed.&#10;Expected status code &lt;204&gt; but was &lt;201&gt;.&#10;" type="java.lang.AssertionError"><![CDATA[java.lang.AssertionError: 
1 expectation failed.
Expected status code <204> but was <201>.

	at br.com.restassuredapitesting.tests.booking.tests.DeleteBookingTest.checkBookingDeletion(DeleteBookingTest.java:31)
]]></failure>
  </testcase>
  <testcase name="checkNonExistentBookingDeletion" classname="br.com.restassuredapitesting.tests.booking.tests.DeleteBookingTest" time="1.757">
    <failure message="1 expectation failed.&#10;Expected status code &lt;404&gt; but was &lt;405&gt;.&#10;" type="java.lang.AssertionError"><![CDATA[java.lang.AssertionError: 
1 expectation failed.
Expected status code <404> but was <405>.

	at br.com.restassuredapitesting.tests.booking.tests.DeleteBookingTest.checkNonExistentBookingDeletion(DeleteBookingTest.java:42)
]]></failure>
  </testcase>
  <testcase name="checkBookingsListSchema" classname="br.com.restassuredapitesting.tests.booking.tests.GetBookingTest" time="1.47"/>
  <testcase name="checkSearchFilterInvalid" classname="br.com.restassuredapitesting.tests.booking.tests.GetBookingTest" time="0.94">
    <failure message="1 expectation failed.&#10;Expected status code &lt;500&gt; but was &lt;200&gt;.&#10;" type="java.lang.AssertionError"><![CDATA[java.lang.AssertionError: 
1 expectation failed.
Expected status code <500> but was <200>.

	at br.com.restassuredapitesting.tests.booking.tests.GetBookingTest.checkSearchFilterInvalid(GetBookingTest.java:150)
]]></failure>
  </testcase>
  <testcase name="checkBookingSchema" classname="br.com.restassuredapitesting.tests.booking.tests.GetBookingTest" time="1.753"/>
  <testcase name="checkSearchFilteredByCheckout" classname="br.com.restassuredapitesting.tests.booking.tests.GetBookingTest" time="3.781"/>
  <testcase name="checkSearchNoReturnsForFilter" classname="br.com.restassuredapitesting.tests.booking.tests.GetBookingTest" time="0.978"/>
  <testcase name="checkSearchFilteredByFirstName" classname="br.com.restassuredapitesting.tests.booking.tests.GetBookingTest" time="3.595"/>
  <testcase name="checkAllBookingsShowing" classname="br.com.restassuredapitesting.tests.booking.tests.GetBookingTest" time="0.836"/>
  <testcase name="checkSearchFilteredByLastName" classname="br.com.restassuredapitesting.tests.booking.tests.GetBookingTest" time="3.404"/>
  <testcase name="checkSearchFilteredByNameAndCheckinAndCheckout" classname="br.com.restassuredapitesting.tests.booking.tests.GetBookingTest" time="6.198">
    <failure message="1 expectation failed.&#10;JSON path size() doesn&apos;t match.&#10;Expected: a value greater than &lt;0&gt;&#10;  Actual: 0&#10;" type="java.lang.AssertionError"><![CDATA[java.lang.AssertionError: 
1 expectation failed.
JSON path size() doesn't match.
Expected: a value greater than <0>
  Actual: 0

	at br.com.restassuredapitesting.tests.booking.tests.GetBookingTest.checkSearchFilteredByNameAndCheckinAndCheckout(GetBookingTest.java:138)
]]></failure>
  </testcase>
  <testcase name="checkSearchFilteredByCheckinAndCheckout" classname="br.com.restassuredapitesting.tests.booking.tests.GetBookingTest" time="5.131">
    <failure message="1 expectation failed.&#10;JSON path bookingid doesn&apos;t match.&#10;Expected: a collection containing &lt;632&gt;&#10;  Actual: [821, 449, 441, 75, 31, 825, 74, 826, 448, 32, 823, 214, 34, 450, 78, 446, 815, 822, 447, 824, 30, 89, 33, 816]&#10;" type="java.lang.AssertionError"><![CDATA[java.lang.AssertionError: 
1 expectation failed.
JSON path bookingid doesn't match.
Expected: a collection containing <632>
  Actual: [821, 449, 441, 75, 31, 825, 74, 826, 448, 32, 823, 214, 34, 450, 78, 446, 815, 822, 447, 824, 30, 89, 33, 816]

	at br.com.restassuredapitesting.tests.booking.tests.GetBookingTest.checkSearchFilteredByCheckinAndCheckout(GetBookingTest.java:124)
]]></failure>
  </testcase>
  <testcase name="checkSearchFilteredByCheckin" classname="br.com.restassuredapitesting.tests.booking.tests.GetBookingTest" time="3.521">
    <failure message="1 expectation failed.&#10;JSON path bookingid doesn&apos;t match.&#10;Expected: a collection containing &lt;632&gt;&#10;  Actual: [624, 638, 704, 595, 307, 409, 388, 577, 582, 594, 644, 827, 581, 681, 821, 306, 217, 579, 591, 593, 178, 118, 592, 604, 576, 567, 357, 221, 218, 285, 138, 384, 449, 605, 18, 613, 359, 617, 609, 58, 369, 125, 441, 590, 616, 349, 215, 123, 75, 540, 26, 31, 614, 825, 56, 737, 390, 216, 417, 135, 424, 598, 74, 304, 627, 17, 8, 574, 826, 134, 303, 393, 649, 575, 701, 129, 620, 601, 533, 301, 365, 170, 383, 682, 416, 43, 155, 448, 49, 6, 126, 32, 402, 658, 823, 35, 45, 318, 308, 546, 120, 367, 321, 59, 151, 223, 600, 621, 214, 34, 450, 410, 55, 44, 78, 659, 147, 146, 446, 41, 815, 392, 165, 171, 635, 822, 618, 738, 10, 447, 607, 578, 88, 419, 685, 641, 143, 132, 127, 154, 824, 550, 549, 623, 647, 420, 152, 316, 30, 499, 315, 385, 53, 57, 25, 368, 121, 634, 222, 403, 119, 153, 423, 637, 596, 828, 327, 626, 89, 606, 295, 386, 534, 425, 164, 622, 608, 33, 619, 639, 305, 130, 422, 15, 320, 122, 169, 537, 389, 133, 39, 610, 611, 317, 816, 573, 720, 394, 136, 572, 27]&#10;" type="java.lang.AssertionError"><![CDATA[java.lang.AssertionError: 
1 expectation failed.
JSON path bookingid doesn't match.
Expected: a collection containing <632>
  Actual: [624, 638, 704, 595, 307, 409, 388, 577, 582, 594, 644, 827, 581, 681, 821, 306, 217, 579, 591, 593, 178, 118, 592, 604, 576, 567, 357, 221, 218, 285, 138, 384, 449, 605, 18, 613, 359, 617, 609, 58, 369, 125, 441, 590, 616, 349, 215, 123, 75, 540, 26, 31, 614, 825, 56, 737, 390, 216, 417, 135, 424, 598, 74, 304, 627, 17, 8, 574, 826, 134, 303, 393, 649, 575, 701, 129, 620, 601, 533, 301, 365, 170, 383, 682, 416, 43, 155, 448, 49, 6, 126, 32, 402, 658, 823, 35, 45, 318, 308, 546, 120, 367, 321, 59, 151, 223, 600, 621, 214, 34, 450, 410, 55, 44, 78, 659, 147, 146, 446, 41, 815, 392, 165, 171, 635, 822, 618, 738, 10, 447, 607, 578, 88, 419, 685, 641, 143, 132, 127, 154, 824, 550, 549, 623, 647, 420, 152, 316, 30, 499, 315, 385, 53, 57, 25, 368, 121, 634, 222, 403, 119, 153, 423, 637, 596, 828, 327, 626, 89, 606, 295, 386, 534, 425, 164, 622, 608, 33, 619, 639, 305, 130, 422, 15, 320, 122, 169, 537, 389, 133, 39, 610, 611, 317, 816, 573, 720, 394, 136, 572, 27]

	at br.com.restassuredapitesting.tests.booking.tests.GetBookingTest.checkSearchFilteredByCheckin(GetBookingTest.java:97)
]]></failure>
  </testcase>
  <testcase name="checkCreateBookingNoLogin" classname="br.com.restassuredapitesting.tests.booking.tests.PostBookingTest" time="1.03">
    <failure message="1 expectation failed.&#10;Expected status code &lt;401&gt; but was &lt;200&gt;.&#10;" type="java.lang.AssertionError"><![CDATA[java.lang.AssertionError: 
1 expectation failed.
Expected status code <401> but was <200>.

	at br.com.restassuredapitesting.tests.booking.tests.PostBookingTest.checkCreateBookingNoLogin(PostBookingTest.java:28)
]]></failure>
  </testcase>
  <testcase name="checkCreateBookingWIthMissingParams" classname="br.com.restassuredapitesting.tests.booking.tests.PostBookingTest" time="1.74"/>
  <testcase name="checkCreateBookingWithExtraParams" classname="br.com.restassuredapitesting.tests.booking.tests.PostBookingTest" time="1.676">
    <failure message="1 expectation failed.&#10;Expected status code &lt;400&gt; but was &lt;200&gt;.&#10;" type="java.lang.AssertionError"><![CDATA[java.lang.AssertionError: 
1 expectation failed.
Expected status code <400> but was <200>.

	at br.com.restassuredapitesting.tests.booking.tests.PostBookingTest.checkCreateBookingWithExtraParams(PostBookingTest.java:77)
]]></failure>
  </testcase>
  <testcase name="checkCreateSeveralBookingsShortPeriod" classname="br.com.restassuredapitesting.tests.booking.tests.PostBookingTest" time="5.635">
    <failure message="1 expectation failed.&#10;Expected status code &lt;429&gt; but was &lt;200&gt;.&#10;" type="java.lang.AssertionError"><![CDATA[java.lang.AssertionError: 
1 expectation failed.
Expected status code <429> but was <200>.

	at br.com.restassuredapitesting.tests.booking.tests.PostBookingTest.checkCreateSeveralBookingsShortPeriod(PostBookingTest.java:54)
]]></failure>
  </testcase>
  <testcase name="checkCreateBookingWithLogin" classname="br.com.restassuredapitesting.tests.booking.tests.PostBookingTest" time="1.871"/>
  <testcase name="checkCreateBookingWithInvalidAcceptHeader" classname="br.com.restassuredapitesting.tests.booking.tests.PostBookingTest" time="0.869"/>
  <testcase name="updateBookingWithInvalidToken" classname="br.com.restassuredapitesting.tests.booking.tests.PutBookingTest" time="1.703"/>
  <testcase name="updateBookingWithBasicAuth" classname="br.com.restassuredapitesting.tests.booking.tests.PutBookingTest" time="1.728">
    <failure message="1 expectation failed.&#10;Expected status code &lt;200&gt; but was &lt;403&gt;.&#10;" type="java.lang.AssertionError"><![CDATA[java.lang.AssertionError: 
1 expectation failed.
Expected status code <200> but was <403>.

	at br.com.restassuredapitesting.tests.booking.tests.PutBookingTest.updateBookingWithBasicAuth(PutBookingTest.java:81)
]]></failure>
  </testcase>
  <testcase name="updateBookingWithToken" classname="br.com.restassuredapitesting.tests.booking.tests.PutBookingTest" time="2.664"/>
  <testcase name="updateNonExistentBooking" classname="br.com.restassuredapitesting.tests.booking.tests.PutBookingTest" time="1.805">
    <failure message="1 expectation failed.&#10;Expected status code &lt;404&gt; but was &lt;405&gt;.&#10;" type="java.lang.AssertionError"><![CDATA[java.lang.AssertionError: 
1 expectation failed.
Expected status code <404> but was <405>.

	at br.com.restassuredapitesting.tests.booking.tests.PutBookingTest.updateNonExistentBooking(PutBookingTest.java:69)
]]></failure>
  </testcase>
  <testcase name="updateBookingWithNoToken" classname="br.com.restassuredapitesting.tests.booking.tests.PutBookingTest" time="1.672">
    <failure message="1 expectation failed.&#10;Expected status code &lt;401&gt; but was &lt;403&gt;.&#10;" type="java.lang.AssertionError"><![CDATA[java.lang.AssertionError: 
1 expectation failed.
Expected status code <401> but was <403>.

	at br.com.restassuredapitesting.tests.booking.tests.PutBookingTest.updateBookingWithNoToken(PutBookingTest.java:58)
]]></failure>
  </testcase>
  <testcase name="validaApiOnline" classname="br.com.restassuredapitesting.tests.ping.tests.GetPingTest" time="0.884"/>
</testsuite>