<?xml version="1.0" encoding="UTF-8"?>
<testsuite xmlns:xsi="http://www.w3.org/2001/XMLSchema-instance" xsi:noNamespaceSchemaLocation="https://maven.apache.org/surefire/maven-surefire-plugin/xsd/surefire-test-report.xsd" name="br.com.restassuredapitesting.runners.AllTests" time="61.179" tests="27" errors="1" skipped="0" failures="7">
  <properties>
[...]
</properties>
  <testcase name="checkUnauthorizedBookingDeletion" classname="br.com.restassuredapitesting.tests.booking.tests.DeleteBookingTest" time="4.976"/>
  <testcase name="checkBookingDeletion" classname="br.com.restassuredapitesting.tests.booking.tests.DeleteBookingTest" time="2.537"/>
  <testcase name="checkNonExistentBookingDeletion" classname="br.com.restassuredapitesting.tests.booking.tests.DeleteBookingTest" time="1.741"/>
  <testcase name="checkBookingsListSchema" classname="br.com.restassuredapitesting.tests.booking.tests.GetBookingTest" time="1.488"/>
  <testcase name="checkSearchFilterInvalid" classname="br.com.restassuredapitesting.tests.booking.tests.GetBookingTest" time="1.048">
    <failure message="1 expectation failed.&#10;Expected status code &lt;500&gt; but was &lt;200&gt;.&#10;" type="java.lang.AssertionError"><![CDATA[java.lang.AssertionError: 
1 expectation failed.
Expected status code <500> but was <200>.

	at br.com.restassuredapitesting.tests.booking.tests.GetBookingTest.checkSearchFilterInvalid(GetBookingTest.java:146)
]]></failure>
  </testcase>
  <testcase name="checkBookingSchema" classname="br.com.restassuredapitesting.tests.booking.tests.GetBookingTest" time="1.729"/>
  <testcase name="checkSearchFilteredByCheckout" classname="br.com.restassuredapitesting.tests.booking.tests.GetBookingTest" time="2.63"/>
  <testcase name="checkSearchNoReturnsForFilter" classname="br.com.restassuredapitesting.tests.booking.tests.GetBookingTest" time="0.873"/>
  <testcase name="checkSearchFilteredByFirstName" classname="br.com.restassuredapitesting.tests.booking.tests.GetBookingTest" time="2.541"/>
  <testcase name="checkAllBookingsShowing" classname="br.com.restassuredapitesting.tests.booking.tests.GetBookingTest" time="0.902"/>
  <testcase name="checkSearchFilteredByLastName" classname="br.com.restassuredapitesting.tests.booking.tests.GetBookingTest" time="2.461"/>
  <testcase name="checkSearchFilteredByNameAndCheckinAndCheckout" classname="br.com.restassuredapitesting.tests.booking.tests.GetBookingTest" time="6.871">
    <failure message="1 expectation failed.&#10;JSON path [0].bookingid doesn&apos;t match.&#10;Expected: 354&#10;  Actual: null&#10;" type="java.lang.AssertionError">java.lang.AssertionError: 
1 expectation failed.
JSON path [0].bookingid doesn't match.
Expected: 354
  Actual: null

	at br.com.restassuredapitesting.tests.booking.tests.GetBookingTest.checkSearchFilteredByNameAndCheckinAndCheckout(GetBookingTest.java:135)
</failure>
  </testcase>
  <testcase name="checkSearchFilteredByCheckinAndCheckout" classname="br.com.restassuredapitesting.tests.booking.tests.GetBookingTest" time="5.526">
    <failure message="1 expectation failed.&#10;JSON path [0].bookingid doesn&apos;t match.&#10;Expected: 354&#10;  Actual: 75&#10;" type="java.lang.AssertionError">java.lang.AssertionError: 
1 expectation failed.
JSON path [0].bookingid doesn't match.
Expected: 354
  Actual: 75

	at br.com.restassuredapitesting.tests.booking.tests.GetBookingTest.checkSearchFilteredByCheckinAndCheckout(GetBookingTest.java:121)
</failure>
    <system-out><![CDATA[HTTP/1.1 200 OK
Server: Cowboy
Connection: keep-alive
X-Powered-By: Express
Content-Type: application/json; charset=utf-8
Content-Length: 172
Etag: W/"ac-DPWfX0mUs/xZm4zdzPPNjdGNFYM"
Date: Tue, 26 Oct 2021 22:17:52 GMT
Via: 1.1 vegur

[
    {
        "bookingid": 75
    },
    {
        "bookingid": 31
    },
    {
        "bookingid": 74
    },
    {
        "bookingid": 32
    },
    {
        "bookingid": 214
    },
    {
        "bookingid": 34
    },
    {
        "bookingid": 78
    },
    {
        "bookingid": 30
    },
    {
        "bookingid": 89
    },
    {
        "bookingid": 33
    }
]
]]></system-out>
  </testcase>
  <testcase name="checkSearchFilteredByCheckin" classname="br.com.restassuredapitesting.tests.booking.tests.GetBookingTest" time="3.474">
    <error message="Cannot determine which path implementation to use because the content-type text/plain; charset=utf-8 doesn&apos;t map to a path implementation." type="java.lang.IllegalStateException">java.lang.IllegalStateException: Cannot determine which path implementation to use because the content-type text/plain; charset=utf-8 doesn't map to a path implementation.
	at br.com.restassuredapitesting.tests.booking.tests.GetBookingTest.checkSearchFilteredByCheckin(GetBookingTest.java:92)
</error>
    <system-out><![CDATA[2018-01-01
]]></system-out>
  </testcase>
  <testcase name="validaApiOnline" classname="br.com.restassuredapitesting.tests.ping.tests.GetPingTest" time="0.897"/>
  <testcase name="verifyLoginSuccess" classname="br.com.restassuredapitesting.tests.auth.tests.PostAuthTest" time="0.861"/>
  <testcase name="checkCreateBookingNoLogin" classname="br.com.restassuredapitesting.tests.booking.tests.PostBookingTest" time="1.028">
    <failure message="1 expectation failed.&#10;Expected status code &lt;401&gt; but was &lt;200&gt;.&#10;" type="java.lang.AssertionError"><![CDATA[java.lang.AssertionError: 
1 expectation failed.
Expected status code <401> but was <200>.

	at br.com.restassuredapitesting.tests.booking.tests.PostBookingTest.checkCreateBookingNoLogin(PostBookingTest.java:26)
]]></failure>
  </testcase>
  <testcase name="checkCreateBookingWIthMissingParams" classname="br.com.restassuredapitesting.tests.booking.tests.PostBookingTest" time="1.717"/>
  <testcase name="checkCreateBookingWithExtraParams" classname="br.com.restassuredapitesting.tests.booking.tests.PostBookingTest" time="1.706">
    <failure message="1 expectation failed.&#10;Expected status code &lt;400&gt; but was &lt;200&gt;.&#10;" type="java.lang.AssertionError"><![CDATA[java.lang.AssertionError: 
1 expectation failed.
Expected status code <400> but was <200>.

	at br.com.restassuredapitesting.tests.booking.tests.PostBookingTest.checkCreateBookingWithExtraParams(PostBookingTest.java:72)
]]></failure>
  </testcase>
  <testcase name="checkCreateSeveralBookingsShortPeriod" classname="br.com.restassuredapitesting.tests.booking.tests.PostBookingTest" time="3.356"/>
  <testcase name="checkCreateBookingWithLogin" classname="br.com.restassuredapitesting.tests.booking.tests.PostBookingTest" time="1.633"/>
  <testcase name="checkCreateBookingWithInvalidAcceptHeader" classname="br.com.restassuredapitesting.tests.booking.tests.PostBookingTest" time="0.815"/>
  <testcase name="updateBookingWithInvalidToken" classname="br.com.restassuredapitesting.tests.booking.tests.PutBookingTest" time="1.626"/>
  <testcase name="updateBookingWithBasicAuth" classname="br.com.restassuredapitesting.tests.booking.tests.PutBookingTest" time="1.734"/>
  <testcase name="updateBookingWithToken" classname="br.com.restassuredapitesting.tests.booking.tests.PutBookingTest" time="2.593"/>
  <testcase name="updateNonExistentBooking" classname="br.com.restassuredapitesting.tests.booking.tests.PutBookingTest" time="1.705">
    <failure message="1 expectation failed.&#10;Expected status code &lt;404&gt; but was &lt;405&gt;.&#10;" type="java.lang.AssertionError"><![CDATA[java.lang.AssertionError: 
1 expectation failed.
Expected status code <404> but was <405>.

	at br.com.restassuredapitesting.tests.booking.tests.PutBookingTest.updateNonExistentBooking(PutBookingTest.java:71)
]]></failure>
  </testcase>
  <testcase name="updateBookingWithNoToken" classname="br.com.restassuredapitesting.tests.booking.tests.PutBookingTest" time="1.781">
    <failure message="1 expectation failed.&#10;Expected status code &lt;401&gt; but was &lt;403&gt;.&#10;" type="java.lang.AssertionError"><![CDATA[java.lang.AssertionError: 
1 expectation failed.
Expected status code <401> but was <403>.

	at br.com.restassuredapitesting.tests.booking.tests.PutBookingTest.updateBookingWithNoToken(PutBookingTest.java:60)
]]></failure>
  </testcase>
</testsuite>