<?xml version="1.0" encoding="UTF-8"?>
<testsuite xmlns:xsi="http://www.w3.org/2001/XMLSchema-instance" xsi:noNamespaceSchemaLocation="https://maven.apache.org/surefire/maven-surefire-plugin/xsd/surefire-test-report.xsd" name="br.com.restassuredapitesting.runners.AllTests" time="67.321" tests="27" errors="0" skipped="0" failures="12">
  <properties>
[...]
</properties>
  <testcase name="verifyLoginSuccess" classname="br.com.restassuredapitesting.tests.auth.tests.PostAuthTest" time="3.198"/>
  <testcase name="checkUnauthorizedBookingDeletion" classname="br.com.restassuredapitesting.tests.booking.tests.DeleteBookingTest" time="2.811"/>
  <testcase name="checkBookingDeletion" classname="br.com.restassuredapitesting.tests.booking.tests.DeleteBookingTest" time="3.548">
    <failure message="1 expectation failed.&#10;Expected status code &lt;204&gt; but was &lt;201&gt;.&#10;" type="java.lang.AssertionError"><![CDATA[java.lang.AssertionError: 
1 expectation failed.
Expected status code <204> but was <201>.

	at br.com.restassuredapitesting.tests.booking.tests.DeleteBookingTest.checkBookingDeletion(DeleteBookingTest.java:31)
]]></failure>
  </testcase>
  <testcase name="checkNonExistentBookingDeletion" classname="br.com.restassuredapitesting.tests.booking.tests.DeleteBookingTest" time="1.757">
    <failure message="1 expectation failed.&#10;Expected status code &lt;404&gt; but was &lt;405&gt;.&#10;" type="java.lang.AssertionError"><![CDATA[java.lang.AssertionError: 
1 expectation failed.
Expected status code <404> but was <405>.

	at br.com.restassuredapitesting.tests.booking.tests.DeleteBookingTest.checkNonExistentBookingDeletion(DeleteBookingTest.java:42)
]]></failure>
  </testcase>
  <testcase name="checkBookingsListSchema" classname="br.com.restassuredapitesting.tests.booking.tests.GetBookingTest" time="1.47"/>
  <testcase name="checkSearchFilterInvalid" classname="br.com.restassuredapitesting.tests.booking.tests.GetBookingTest" time="0.94">
    <failure message="1 expectation failed.&#10;Expected status code &lt;500&gt; but was &lt;200&gt;.&#10;" type="java.lang.AssertionError"><![CDATA[java.lang.AssertionError: 
1 expectation failed.
Expected status code <500> but was <200>.

	at br.com.restassuredapitesting.tests.booking.tests.GetBookingTest.checkSearchFilterInvalid(GetBookingTest.java:150)
]]></failure>
  </testcase>
  <testcase name="checkBookingSchema" classname="br.com.restassuredapitesting.tests.booking.tests.GetBookingTest" time="1.753"/>
  <testcase name="checkSearchFilteredByCheckout" classname="br.com.restassuredapitesting.tests.booking.tests.GetBookingTest" time="3.781"/>
  <testcase name="checkSearchNoReturnsForFilter" classname="br.com.restassuredapitesting.tests.booking.tests.GetBookingTest" time="0.978"/>
  <testcase name="checkSearchFilteredByFirstName" classname="br.com.restassuredapitesting.tests.booking.tests.GetBookingTest" time="3.595"/>
  <testcase name="checkAllBookingsShowing" classname="br.com.restassuredapitesting.tests.booking.tests.GetBookingTest" time="0.836"/>
  <testcase name="checkSearchFilteredByLastName" classname="br.com.restassuredapitesting.tests.booking.tests.GetBookingTest" time="3.404"/>
  <testcase name="checkSearchFilteredByNameAndCheckinAndCheckout" classname="br.com.restassuredapitesting.tests.booking.tests.GetBookingTest" time="6.198">
    <failure message="1 expectation failed.&#10;JSON path size() doesn&apos;t match.&#10;Expected: a value greater than &lt;0&gt;&#10;  Actual: 0&#10;" type="java.lang.AssertionError"><![CDATA[java.lang.AssertionError: 
1 expectation failed.
JSON path size() doesn't match.
Expected: a value greater than <0>
  Actual: 0

	at br.com.restassuredapitesting.tests.booking.tests.GetBookingTest.checkSearchFilteredByNameAndCheckinAndCheckout(GetBookingTest.java:138)
]]></failure>
  </testcase>
  <testcase name="checkSearchFilteredByCheckinAndCheckout" classname="br.com.restassuredapitesting.tests.booking.tests.GetBookingTest" time="5.131">
    <failure message="1 expectation failed.&#10;JSON path bookingid doesn&apos;t match.&#10;Expected: a collection containing &lt;632&gt;&#10;  Actual: [821, 449, 441, 75, 31, 825, 74, 826, 448, 32, 823, 214, 34, 450, 78, 446, 815, 822, 447, 824, 30, 89, 33, 816]&#10;" type="java.lang.AssertionError"><![CDATA[java.lang.AssertionError: 
1 expectation failed.
JSON path bookingid doesn't match.
Expected: a collection containing <632>
  Actual: [821, 449, 441, 75, 31, 825, 74, 826, 448, 32, 823, 214, 34, 450, 78, 446, 815, 822, 447, 824, 30, 89, 33, 816]

	at br.com.restassuredapitesting.tests.booking.tests.GetBookingTest.checkSearchFilteredByCheckinAndCheckout(GetBookingTest.java:124)
]]></failure>
  </testcase>
  <testcase name="checkSearchFilteredByCheckin" classname="br.com.restassuredapitesting.tests.booking.tests.GetBookingTest" time="3.521">
    <failure message="1 expectation failed.&#10;JSON path bookingid doesn&apos;t match.&#10;Expected: a collection containing &lt;632&gt;&#10;  Actual: [624, 638, 704, 595, 307, 409, 388, 577, 582, 594, 644, 827, 581, 681, 821, 306, 217, 579, 591, 593, 178, 118, 592, 604, 576, 567, 357, 221, 218, 285, 138, 384, 449, 605, 18, 613, 359, 617, 609, 58, 369, 125, 441, 590, 616, 349, 215, 123, 75, 540, 26, 31, 614, 825, 56, 737, 390, 216, 417, 135, 424, 598, 74, 304, 627, 17, 8, 574, 826, 134, 303, 393, 649, 575, 701, 129, 620, 601, 533, 301, 365, 170, 383, 682, 416, 43, 155, 448, 49, 6, 126, 32, 402, 658, 823, 35, 45, 318, 308, 546, 120, 367, 321, 59, 151, 223, 600, 621, 214, 34, 450, 410, 55, 44, 78, 659, 147, 146, 446, 41, 815, 392, 165, 171, 635, 822, 618, 738, 10, 447, 607, 578, 88, 419, 685, 641, 143, 132, 127, 154, 824, 550, 549, 623, 647, 420, 152, 316, 30, 499, 315, 385, 53, 57, 25, 368, 121, 634, 222, 403, 119, 153, 423, 637, 596, 828, 327, 626, 89, 606, 295, 386, 534, 425, 164, 622, 608, 33, 619, 639, 305, 130, 422, 15, 320, 122, 169, 537, 389, 133, 39, 610, 611, 317, 816, 573, 720, 394, 136, 572, 27]&#10;" type="java.lang.AssertionError"><![CDATA[java.lang.AssertionError: 
1 expectation failed.
JSON path bookingid doesn't match.
Expected: a collection containing <632>
  Actual: [624, 638, 704, 595, 307, 409, 388, 577, 582, 594, 644, 827, 581, 681, 821, 306, 217, 579, 591, 593, 178, 118, 592, 604, 576, 567, 357, 221, 218, 285, 138, 384, 449, 605, 18, 613, 359, 617, 609, 58, 369, 125, 441, 590, 616, 349, 215, 123, 75, 540, 26, 31, 614, 825, 56, 737, 390, 216, 417, 135, 424, 598, 74, 304, 627, 17, 8, 574, 826, 134, 303, 393, 649, 575, 701, 129, 620, 601, 533, 301, 365, 170, 383, 682, 416, 43, 155, 448, 49, 6, 126, 32, 402, 658, 823, 35, 45, 318, 308, 546, 120, 367, 321, 59, 151, 223, 600, 621, 214, 34, 450, 410, 55, 44, 78, 659, 147, 146, 446, 41, 815, 392, 165, 171, 635, 822, 618, 738, 10, 447, 607, 578, 88, 419, 685, 641, 143, 132, 127, 154, 824, 550, 549, 623, 647, 420, 152, 316, 30, 499, 315, 385, 53, 57, 25, 368, 121, 634, 222, 403, 119, 153, 423, 637, 596, 828, 327, 626, 89, 606, 295, 386, 534, 425, 164, 622, 608, 33, 619, 639, 305, 130, 422, 15, 320, 122, 169, 537, 389, 133, 39, 610, 611, 317, 816, 573, 720, 394, 136, 572, 27]

	at br.com.restassuredapitesting.tests.booking.tests.GetBookingTest.checkSearchFilteredByCheckin(GetBookingTest.java:97)
]]></failure>
  </testcase>
  <testcase name="checkCreateBookingNoLogin" classname="br.com.restassuredapitesting.tests.booking.tests.PostBookingTest" time="1.03">
    <failure message="1 expectation failed.&#10;Expected status code &lt;401&gt; but was &lt;200&gt;.&#10;" type="java.lang.AssertionError"><![CDATA[java.lang.AssertionError: 
1 expectation failed.
Expected status code <401> but was <200>.

	at br.com.restassuredapitesting.tests.booking.tests.PostBookingTest.checkCreateBookingNoLogin(PostBookingTest.java:28)
]]></failure>
  </testcase>
  <testcase name="checkCreateBookingWIthMissingParams" classname="br.com.restassuredapitesting.tests.booking.tests.PostBookingTest" time="1.74"/>
  <testcase name="checkCreateBookingWithExtraParams" classname="br.com.restassuredapitesting.tests.booking.tests.PostBookingTest" time="1.676">
    <failure message="1 expectation failed.&#10;Expected status code &lt;400&gt; but was &lt;200&gt;.&#10;" type="java.lang.AssertionError"><![CDATA[java.lang.AssertionError: 
1 expectation failed.
Expected status code <400> but was <200>.

	at br.com.restassuredapitesting.tests.booking.tests.PostBookingTest.checkCreateBookingWithExtraParams(PostBookingTest.java:77)
]]></failure>
  </testcase>
  <testcase name="checkCreateSeveralBookingsShortPeriod" classname="br.com.restassuredapitesting.tests.booking.tests.PostBookingTest" time="5.635">
    <failure message="1 expectation failed.&#10;Expected status code &lt;429&gt; but was &lt;200&gt;.&#10;" type="java.lang.AssertionError"><![CDATA[java.lang.AssertionError: 
1 expectation failed.
Expected status code <429> but was <200>.

	at br.com.restassuredapitesting.tests.booking.tests.PostBookingTest.checkCreateSeveralBookingsShortPeriod(PostBookingTest.java:54)
]]></failure>
  </testcase>
  <testcase name="checkCreateBookingWithLogin" classname="br.com.restassuredapitesting.tests.booking.tests.PostBookingTest" time="1.871"/>
  <testcase name="checkCreateBookingWithInvalidAcceptHeader" classname="br.com.restassuredapitesting.tests.booking.tests.PostBookingTest" time="0.869"/>
  <testcase name="updateBookingWithInvalidToken" classname="br.com.restassuredapitesting.tests.booking.tests.PutBookingTest" time="1.703"/>
  <testcase name="updateBookingWithBasicAuth" classname="br.com.restassuredapitesting.tests.booking.tests.PutBookingTest" time="1.728">
    <failure message="1 expectation failed.&#10;Expected status code &lt;200&gt; but was &lt;403&gt;.&#10;" type="java.lang.AssertionError"><![CDATA[java.lang.AssertionError: 
1 expectation failed.
Expected status code <200> but was <403>.

	at br.com.restassuredapitesting.tests.booking.tests.PutBookingTest.updateBookingWithBasicAuth(PutBookingTest.java:81)
]]></failure>
  </testcase>
  <testcase name="updateBookingWithToken" classname="br.com.restassuredapitesting.tests.booking.tests.PutBookingTest" time="2.664"/>
  <testcase name="updateNonExistentBooking" classname="br.com.restassuredapitesting.tests.booking.tests.PutBookingTest" time="1.805">
    <failure message="1 expectation failed.&#10;Expected status code &lt;404&gt; but was &lt;405&gt;.&#10;" type="java.lang.AssertionError"><![CDATA[java.lang.AssertionError: 
1 expectation failed.
Expected status code <404> but was <405>.

	at br.com.restassuredapitesting.tests.booking.tests.PutBookingTest.updateNonExistentBooking(PutBookingTest.java:69)
]]></failure>
  </testcase>
  <testcase name="updateBookingWithNoToken" classname="br.com.restassuredapitesting.tests.booking.tests.PutBookingTest" time="1.672">
    <failure message="1 expectation failed.&#10;Expected status code &lt;401&gt; but was &lt;403&gt;.&#10;" type="java.lang.AssertionError"><![CDATA[java.lang.AssertionError: 
1 expectation failed.
Expected status code <401> but was <403>.

	at br.com.restassuredapitesting.tests.booking.tests.PutBookingTest.updateBookingWithNoToken(PutBookingTest.java:58)
]]></failure>
  </testcase>
  <testcase name="validaApiOnline" classname="br.com.restassuredapitesting.tests.ping.tests.GetPingTest" time="0.884"/>
</testsuite>